<?xml version="1.0" encoding="UTF-8"?>
<!-- Generated by org.testng.reporters.JUnitXMLReporter -->
<testsuite ignored="0" hostname="DESKTOP-V6S2GU6" failures="0" tests="3" name="Test_DifferentScenario_Creating_Airline" time="17.747" errors="0" timestamp="2024-08-09T11:16:42 CEST">
  <testcase classname="tests.TestClass" name="test00" time="10.398"/>
  <testcase classname="tests.TestClass" name="test00" time="1.665"/>
  <testcase classname="tests.TestClass" name="test00" time="0.419"/>
</testsuite> <!-- Test_DifferentScenario_Creating_Airline -->
