<?xml version="1.0" encoding="UTF-8"?>
<testsuite xmlns:xsi="http://www.w3.org/2001/XMLSchema-instance" xsi:noNamespaceSchemaLocation="https://maven.apache.org/surefire/maven-surefire-plugin/xsd/surefire-test-report.xsd" version="3.0.2" name="TestSuite" time="21.211" tests="3" errors="0" skipped="0" failures="0">
  <properties>
[...]
</properties>
  <testcase name="test00[create with valid payload, 200, no_data](1)" classname="tests.TestClass" time="10.402">
    <system-out><![CDATA[{
    "_id": "1a1d829e-7c55-428a-91d0-5bc110d3787c",
    "name": "Suriname Airways",
    "country": "Suriname",
    "logo": "https://Surinameairways.net/logo",
    "slogan": "from Suriname to anywhere cheap and safe",
    "head_quaters": "Suriname Central Airport",
    "website": "Surinameairways.net",
    "established": "2016-23-01",
    "__v": 0
}
]]></system-out>
    <system-err><![CDATA[SLF4J: Failed to load class "org.slf4j.impl.StaticLoggerBinder".
SLF4J: Defaulting to no-operation (NOP) logger implementation
SLF4J: See http://www.slf4j.org/codes.html#StaticLoggerBinder for further details.
ERROR StatusLogger Log4j2 could not find a logging implementation. Please add log4j-core to the classpath. Using SimpleLogger to log to the console...
]]></system-err>
  </testcase>
  <testcase name="test00[create with empty body, 400, valid airline data must submit.](2)" classname="tests.TestClass" time="1.665">
    <system-out><![CDATA[{
    "message": "valid airline data must submit."
}
]]></system-out>
  </testcase>
  <testcase name="test00[create without name, 400, error in saving data](3)" classname="tests.TestClass" time="0.435">
    <system-out><![CDATA[{
    "message": "error in saving data"
}
]]></system-out>
  </testcase>
</testsuite>